<?xml version="1.0" encoding="UTF-8"?>
<!-- Generated by org.testng.reporters.JUnitXMLReporter -->
<testsuite hostname="parinder-TP550LAB" ignored="2" name="All_loan_tests" tests="1" failures="0" timestamp="25 Oct 2018 18:18:05 GMT" time="0.032" errors="0">
  <testcase name="Car_Api_Login" time="0.009" classname="Prioritizing_Scenario.Test_Car_Loan"/>
  <testcase name="Car_Web_Login" time="0.0" classname="Prioritizing_Scenario.Test_Car_Loan">
    <ignored/>
  </testcase> <!-- Car_Web_Login -->
  <testcase name="Car_Mobile_Login" time="0.0" classname="Prioritizing_Scenario.Test_Car_Loan">
    <ignored/>
  </testcase> <!-- Car_Mobile_Login -->
</testsuite> <!-- All_loan_tests -->
