<?xml version="1.0" encoding="UTF-8"?>
<!-- Generated by org.testng.reporters.JUnitXMLReporter -->
<testsuite hostname="parinder-TP550LAB" ignored="0" name="Congo_Message_Test_Done" tests="2" failures="0" timestamp="25 Oct 2018 21:31:35 GMT" time="26.835" errors="0">
  <testcase name="Invalid_Login" time="1.96" classname="Listners_Interfaces.Insta_login_Test"/>
  <testcase name="Invalid_Login" time="1.501" classname="Listners_Interfaces.facebook_login_Test"/>
</testsuite> <!-- Congo_Message_Test_Done -->
