<?xml version="1.0" encoding="UTF-8"?>
<!-- Generated by org.testng.reporters.JUnitXMLReporter -->
<testsuite hostname="parinder-TP550LAB" ignored="0" name="Data_In_Properties_File" tests="2" failures="0" timestamp="25 Oct 2018 21:52:02 GMT" time="25.78" errors="0">
  <testcase name="Invalid_Login" time="2.111" classname="Global_Environment.Insta_login_Test"/>
  <testcase name="Invalid_Login" time="1.578" classname="Global_Environment.facebook_login_Test"/>
</testsuite> <!-- Data_In_Properties_File -->
