<?xml version="1.0" encoding="UTF-8"?>
<!-- Generated by org.testng.reporters.JUnitXMLReporter -->
<testsuite hostname="parinder-TP550LAB" ignored="0" name="Fb_and_Insta_Account" tests="2" failures="0" timestamp="25 Oct 2018 15:35:09 GMT" time="22.835" errors="0">
  <testcase name="Invalid_Login" time="0.262" classname="Facebook_Insta_Login.facebook_login_Test"/>
  <testcase name="Invalid_Login" time="0.675" classname="Facebook_Insta_Login.Insta_login_Test"/>
</testsuite> <!-- Fb_and_Insta_Account -->
