<?xml version="1.0" encoding="UTF-8"?>
<!-- Generated by org.testng.reporters.JUnitXMLReporter -->
<testsuite hostname="parinder-TP550LAB" ignored="0" name="Mobile_Test_Run_First" tests="6" failures="0" timestamp="25 Oct 2018 18:49:33 GMT" time="0.067" errors="0">
  <testcase name="Home_Api_Login" time="0.008" classname="Annotations_method_after_before.Test_Home_Loan"/>
  <testcase name="Home_Web_Login" time="0.001" classname="Annotations_method_after_before.Test_Home_Loan"/>
  <testcase name="Personal_Api_Login" time="0.003" classname="Annotations_method_after_before.Test_Personal_Loan"/>
  <testcase name="Personal_Web_Login" time="0.002" classname="Annotations_method_after_before.Test_Personal_Loan"/>
  <testcase name="Car_Api_Login" time="0.002" classname="Annotations_method_after_before.Test_Car_Loan"/>
  <testcase name="Car_Web_Login" time="0.002" classname="Annotations_method_after_before.Test_Car_Loan"/>
</testsuite> <!-- Mobile_Test_Run_First -->
