<?xml version="1.0" encoding="UTF-8"?>
<!-- Generated by org.testng.reporters.JUnitXMLReporter -->
<testsuite hostname="parinder-TP550LAB" ignored="0" name="No personal" tests="11" failures="0" timestamp="25 Oct 2018 18:21:40 GMT" time="25.384" errors="0">
  <testcase name="Personal_Api_Login" time="0.005" classname="Prioritizing_Scenario.Test_Personal_Loan"/>
  <testcase name="Personal_Mobile_Login" time="0.002" classname="Prioritizing_Scenario.Test_Personal_Loan"/>
  <testcase name="Personal_Web_Login" time="0.001" classname="Prioritizing_Scenario.Test_Personal_Loan"/>
  <testcase name="Invalid_Login" time="1.6" classname="Facebook_Insta_Login.facebook_login_Test"/>
  <testcase name="Car_Api_Login" time="0.002" classname="Prioritizing_Scenario.Test_Car_Loan"/>
  <testcase name="Car_Mobile_Login" time="0.003" classname="Prioritizing_Scenario.Test_Car_Loan"/>
  <testcase name="Car_Web_Login" time="0.002" classname="Prioritizing_Scenario.Test_Car_Loan"/>
  <testcase name="Invalid_Login" time="1.913" classname="Facebook_Insta_Login.Insta_login_Test"/>
  <testcase name="Home_Api_Login" time="0.001" classname="Prioritizing_Scenario.Test_Home_Loan"/>
  <testcase name="Home_Mobile_Login" time="0.001" classname="Prioritizing_Scenario.Test_Home_Loan"/>
  <testcase name="Home_Web_Login" time="0.001" classname="Prioritizing_Scenario.Test_Home_Loan"/>
</testsuite> <!-- No personal -->
