<?xml version="1.0" encoding="UTF-8"?>
<!-- Generated by org.testng.reporters.JUnitXMLReporter -->
<testsuite hostname="parinder-TP550LAB" ignored="0" name="All_Api_Test_Run_after_all_Others" tests="3" failures="0" timestamp="25 Oct 2018 18:41:35 GMT" time="0.059" errors="0">
  <testcase name="Home_Web_Login" time="0.009" classname="Annotations_After_Before.Test_Home_Loan"/>
  <testcase name="Personal_Web_Login" time="0.002" classname="Annotations_After_Before.Test_Personal_Loan"/>
  <testcase name="Car_Web_Login" time="0.003" classname="Annotations_After_Before.Test_Car_Loan"/>
</testsuite> <!-- All_Api_Test_Run_after_all_Others -->
