<?xml version="1.0" encoding="UTF-8"?>
<!-- Generated by org.testng.reporters.JUnitXMLReporter -->
<testsuite hostname="parinder-TP550LAB" ignored="0" name="DependOnMethod_Mobile" tests="9" failures="0" timestamp="25 Oct 2018 20:55:33 GMT" time="0.08" errors="0">
  <testcase name="Home_Mobile_Login" time="0.012" classname="Annotation_Helpers.Test_Home_Loan"/>
  <testcase name="Home_Web_Login" time="0.003" classname="Annotation_Helpers.Test_Home_Loan"/>
  <testcase name="Home_Api_Login" time="0.002" classname="Annotation_Helpers.Test_Home_Loan"/>
  <testcase name="Personal_Mobile_Login" time="0.001" classname="Annotation_Helpers.Test_Personal_Loan"/>
  <testcase name="Personal_Web_Login" time="0.001" classname="Annotation_Helpers.Test_Personal_Loan"/>
  <testcase name="Personal_Api_Login" time="0.002" classname="Annotation_Helpers.Test_Personal_Loan"/>
  <testcase name="Car_Mobile_Login" time="0.002" classname="Annotation_Helpers.Test_Car_Loan"/>
  <testcase name="Car_Web_Login" time="0.001" classname="Annotation_Helpers.Test_Car_Loan"/>
  <testcase name="Car_Api_Login" time="0.002" classname="Annotation_Helpers.Test_Car_Loan"/>
</testsuite> <!-- DependOnMethod_Mobile -->
