<?xml version="1.0" encoding="UTF-8"?>
<!-- Generated by org.testng.reporters.JUnitXMLReporter -->
<testsuite hostname="parinder-TP550LAB" ignored="6" name="Mobile_Test_All_Departments" tests="3" failures="0" timestamp="25 Oct 2018 18:57:07 GMT" time="0.05" errors="0">
  <testcase name="Personal_Mobile_Login" time="0.01" classname="Group_Functionality.Test_Personal_Loan"/>
  <testcase name="Car_Mobile_Login" time="0.002" classname="Group_Functionality.Test_Car_Loan"/>
  <testcase name="Home_Mobile_Login" time="0.002" classname="Group_Functionality.Test_Home_Loan"/>
  <testcase name="Home_Web_Login" time="0.0" classname="Group_Functionality.Test_Home_Loan">
    <ignored/>
  </testcase> <!-- Home_Web_Login -->
  <testcase name="Home_Api_Login" time="0.0" classname="Group_Functionality.Test_Home_Loan">
    <ignored/>
  </testcase> <!-- Home_Api_Login -->
  <testcase name="Personal_Api_Login" time="0.0" classname="Group_Functionality.Test_Personal_Loan">
    <ignored/>
  </testcase> <!-- Personal_Api_Login -->
  <testcase name="Personal_Web_Login" time="0.0" classname="Group_Functionality.Test_Personal_Loan">
    <ignored/>
  </testcase> <!-- Personal_Web_Login -->
  <testcase name="Car_Web_Login" time="0.0" classname="Group_Functionality.Test_Car_Loan">
    <ignored/>
  </testcase> <!-- Car_Web_Login -->
  <testcase name="Car_Api_Login" time="0.0" classname="Group_Functionality.Test_Car_Loan">
    <ignored/>
  </testcase> <!-- Car_Api_Login -->
</testsuite> <!-- Mobile_Test_All_Departments -->
