<?xml version="1.0" encoding="UTF-8"?>
<!-- Generated by org.testng.reporters.JUnitXMLReporter -->
<testsuite hostname="parinder-TP550LAB" ignored="0" name="Default test" tests="3" failures="0" timestamp="14 Nov 2018 04:41:04 GMT" time="56.658" errors="0">
  <testcase name="Basics" time="12.704" classname="AllInOne.CompleteTutorial"/>
  <testcase name="automateWebElement" time="26.197" classname="AllInOne.CompleteTutorial"/>
  <testcase name="locators" time="12.676" classname="AllInOne.CompleteTutorial"/>
</testsuite> <!-- Default test -->
