<?xml version="1.0" encoding="UTF-8"?>
<testng-results skipped="0" failed="0" ignored="0" total="3" passed="3">
  <reporter-output>
  </reporter-output>
  <suite name="Default suite" duration-ms="56658" started-at="2018-11-14T04:40:08Z" finished-at="2018-11-14T04:41:04Z">
    <groups>
    </groups>
    <test name="Default test" duration-ms="56658" started-at="2018-11-14T04:40:08Z" finished-at="2018-11-14T04:41:04Z">
      <class name="AllInOne.CompleteTutorial">
        <test-method status="PASS" signature="setup()[pri:0, instance:AllInOne.CompleteTutorial@4493d195]" name="setup" is-config="true" duration-ms="5040" started-at="2018-11-14T04:40:08Z" finished-at="2018-11-14T04:40:13Z">
          <reporter-output>
          </reporter-output>
        </test-method> <!-- setup -->
        <test-method status="PASS" signature="Basics()[pri:0, instance:AllInOne.CompleteTutorial@4493d195]" name="Basics" duration-ms="12704" started-at="2018-11-14T04:40:13Z" finished-at="2018-11-14T04:40:25Z">
          <reporter-output>
          </reporter-output>
        </test-method> <!-- Basics -->
        <test-method status="PASS" signature="automateWebElement()[pri:0, instance:AllInOne.CompleteTutorial@4493d195]" name="automateWebElement" duration-ms="26197" started-at="2018-11-14T04:40:25Z" finished-at="2018-11-14T04:40:52Z">
          <reporter-output>
          </reporter-output>
        </test-method> <!-- automateWebElement -->
        <test-method status="PASS" signature="locators()[pri:0, instance:AllInOne.CompleteTutorial@4493d195]" name="locators" duration-ms="12676" started-at="2018-11-14T04:40:52Z" finished-at="2018-11-14T04:41:04Z">
          <reporter-output>
          </reporter-output>
        </test-method> <!-- locators -->
      </class> <!-- AllInOne.CompleteTutorial -->
    </test> <!-- Default test -->
  </suite> <!-- Default suite -->
</testng-results>
